<?xml version="1.0" encoding="UTF-8"?>
<!-- Generated by org.testng.reporters.JUnitReportReporter -->
<testsuite hostname="DESKTOP-AF29E4S" failures="0" tests="1" name="script.DemoTest" time="10.501" errors="0" timestamp="2024-12-05T11:57:26 IST" skipped="0">
  <testcase classname="script.DemoTest" name="demotest1" time="10.501">
    <system-out>
      <![CDATA[testdata:admin
Google]]>
    </system-out>
  </testcase> <!-- demotest1 -->
  <system-out>
    <![CDATA[Execution in local system
Browser is: chrome
testdata:admin
Google]]>
  </system-out>
</testsuite> <!-- script.DemoTest -->
