<?xml version="1.0" encoding="UTF-8"?>
<!-- Generated by org.testng.reporters.JUnitReportReporter -->
<testsuite hostname="DESKTOP-AF29E4S" failures="0" tests="1" name="script.DemoTest" time="21.387" errors="0" timestamp="2024-12-05T12:10:22 IST" skipped="0">
  <testcase classname="script.DemoTest" name="demotest1" time="21.387">
    <system-out>
      <![CDATA[testdata:admin
Google]]>
    </system-out>
  </testcase> <!-- demotest1 -->
  <system-out>
    <![CDATA[Execution in local system
Browser is: Firefox
testdata:admin
Google]]>
  </system-out>
</testsuite> <!-- script.DemoTest -->
